# JRE version: OpenJDK Runtime Environment (8.0_252-b09) (build 1.8.0_252-8u252-b09-1~18.04-b09)
# Java VM: OpenJDK 64-Bit Server VM (25.252-b09 mixed mode linux-amd64 compressed oops)
Heap:
 PSYoungGen      total 521216K, used 51705K [0x00000000d7000000, 0x00000000fab00000, 0x0000000100000000)
  eden space 469504K, 0% used [0x00000000d7000000,0x00000000d7000000,0x00000000f3a80000)
  from space 51712K, 99% used [0x00000000f3a80000,0x00000000f6cfe558,0x00000000f6d00000)
  to   space 41472K, 0% used [0x00000000f6d00000,0x00000000f6d00000,0x00000000f9580000)
 ParOldGen       total 154112K, used 98982K [0x0000000085000000, 0x000000008e680000, 0x00000000d7000000)
  object space 154112K, 64% used [0x0000000085000000,0x000000008b0a9a20,0x000000008e680000)
 Metaspace       used 32184K, capacity 33276K, committed 33408K, reserved 1079296K
  class space    used 3413K, capacity 3681K, committed 3712K, reserved 1048576K
GC Heap History (10 events):
Event: 16,185 GC heap after
Heap after GC invocations=14 (full 2):
 PSYoungGen      total 316416K, used 10754K [0x00000000d7000000, 0x00000000ec580000, 0x0000000100000000)
  eden space 296448K, 0% used [0x00000000d7000000,0x00000000d7000000,0x00000000e9180000)
  from space 19968K, 53% used [0x00000000eb200000,0x00000000ebc80988,0x00000000ec580000)
  to   space 26624K, 0% used [0x00000000e9180000,0x00000000e9180000,0x00000000eab80000)
 ParOldGen       total 154112K, used 64893K [0x0000000085000000, 0x000000008e680000, 0x00000000d7000000)
  object space 154112K, 42% used [0x0000000085000000,0x0000000088f5f530,0x000000008e680000)
 Metaspace       used 29643K, capacity 30568K, committed 30976K, reserved 1077248K
  class space    used 3237K, capacity 3497K, committed 3584K, reserved 1048576K
}
Event: 18,220 GC heap before
{Heap before GC invocations=15 (full 2):
 PSYoungGen      total 316416K, used 307202K [0x00000000d7000000, 0x00000000ec580000, 0x0000000100000000)
  eden space 296448K, 100% used [0x00000000d7000000,0x00000000e9180000,0x00000000e9180000)
  from space 19968K, 53% used [0x00000000eb200000,0x00000000ebc80988,0x00000000ec580000)
  to   space 26624K, 0% used [0x00000000e9180000,0x00000000e9180000,0x00000000eab80000)
 ParOldGen       total 154112K, used 64893K [0x0000000085000000, 0x000000008e680000, 0x00000000d7000000)
  object space 154112K, 42% used [0x0000000085000000,0x0000000088f5f530,0x000000008e680000)
 Metaspace       used 29736K, capacity 30632K, committed 30976K, reserved 1077248K
  class space    used 3238K, capacity 3497K, committed 3584K, reserved 1048576K
Event: 18,291 GC heap after
Heap after GC invocations=15 (full 2):
 PSYoungGen      total 323072K, used 26593K [0x00000000d7000000, 0x00000000f2700000, 0x0000000100000000)
  eden space 296448K, 0% used [0x00000000d7000000,0x00000000d7000000,0x00000000e9180000)
  from space 26624K, 99% used [0x00000000e9180000,0x00000000eab784d8,0x00000000eab80000)
  to   space 34816K, 0% used [0x00000000f0500000,0x00000000f0500000,0x00000000f2700000)
 ParOldGen       total 154112K, used 76513K [0x0000000085000000, 0x000000008e680000, 0x00000000d7000000)
  object space 154112K, 49% used [0x0000000085000000,0x0000000089ab85f0,0x000000008e680000)
 Metaspace       used 29736K, capacity 30632K, committed 30976K, reserved 1077248K
  class space    used 3238K, capacity 3497K, committed 3584K, reserved 1048576K
}
Event: 19,331 GC heap before
{Heap before GC invocations=16 (full 2):
 PSYoungGen      total 323072K, used 323041K [0x00000000d7000000, 0x00000000f2700000, 0x0000000100000000)
  eden space 296448K, 100% used [0x00000000d7000000,0x00000000e9180000,0x00000000e9180000)
  from space 26624K, 99% used [0x00000000e9180000,0x00000000eab784d8,0x00000000eab80000)
  to   space 34816K, 0% used [0x00000000f0500000,0x00000000f0500000,0x00000000f2700000)
 ParOldGen       total 154112K, used 76513K [0x0000000085000000, 0x000000008e680000, 0x00000000d7000000)
  object space 154112K, 49% used [0x0000000085000000,0x0000000089ab85f0,0x000000008e680000)
 Metaspace       used 29784K, capacity 30696K, committed 30976K, reserved 1077248K
  class space    used 3239K, capacity 3497K, committed 3584K, reserved 1048576K
Event: 19,374 GC heap after
Heap after GC invocations=16 (full 2):
 PSYoungGen      total 411136K, used 29245K [0x00000000d7000000, 0x00000000f2f00000, 0x0000000100000000)
  eden space 376320K, 0% used [0x00000000d7000000,0x00000000d7000000,0x00000000edf80000)
  from space 34816K, 83% used [0x00000000f0500000,0x00000000f218f4d0,0x00000000f2700000)
  to   space 38400K, 0% used [0x00000000edf80000,0x00000000edf80000,0x00000000f0500000)
 ParOldGen       total 154112K, used 76513K [0x0000000085000000, 0x000000008e680000, 0x00000000d7000000)
  object space 154112K, 49% used [0x0000000085000000,0x0000000089ab85f0,0x000000008e680000)
 Metaspace       used 29784K, capacity 30696K, committed 30976K, reserved 1077248K
  class space    used 3239K, capacity 3497K, committed 3584K, reserved 1048576K
}
Event: 23,142 GC heap before
{Heap before GC invocations=17 (full 2):
 PSYoungGen      total 411136K, used 405565K [0x00000000d7000000, 0x00000000f2f00000, 0x0000000100000000)
  eden space 376320K, 100% used [0x00000000d7000000,0x00000000edf80000,0x00000000edf80000)
  from space 34816K, 83% used [0x00000000f0500000,0x00000000f218f4d0,0x00000000f2700000)
  to   space 38400K, 0% used [0x00000000edf80000,0x00000000edf80000,0x00000000f0500000)
 ParOldGen       total 154112K, used 76513K [0x0000000085000000, 0x000000008e680000, 0x00000000d7000000)
  object space 154112K, 49% used [0x0000000085000000,0x0000000089ab85f0,0x000000008e680000)
 Metaspace       used 30140K, capacity 31144K, committed 31488K, reserved 1077248K
  class space    used 3242K, capacity 3497K, committed 3584K, reserved 1048576K
Event: 23,246 GC heap after
Heap after GC invocations=17 (full 2):
 PSYoungGen      total 414720K, used 30973K [0x00000000d7000000, 0x00000000f9580000, 0x0000000100000000)
  eden space 376320K, 0% used [0x00000000d7000000,0x00000000d7000000,0x00000000edf80000)
  from space 38400K, 80% used [0x00000000edf80000,0x00000000efdbf400,0x00000000f0500000)
  to   space 41472K, 0% used [0x00000000f6d00000,0x00000000f6d00000,0x00000000f9580000)
 ParOldGen       total 154112K, used 76521K [0x0000000085000000, 0x000000008e680000, 0x00000000d7000000)
  object space 154112K, 49% used [0x0000000085000000,0x0000000089aba5f0,0x000000008e680000)
 Metaspace       used 30140K, capacity 31144K, committed 31488K, reserved 1077248K
  class space    used 3242K, capacity 3497K, committed 3584K, reserved 1048576K
}
Event: 25,657 GC heap before
{Heap before GC invocations=18 (full 2):
 PSYoungGen      total 414720K, used 407293K [0x00000000d7000000, 0x00000000f9580000, 0x0000000100000000)
  eden space 376320K, 100% used [0x00000000d7000000,0x00000000edf80000,0x00000000edf80000)
  from space 38400K, 80% used [0x00000000edf80000,0x00000000efdbf400,0x00000000f0500000)
  to   space 41472K, 0% used [0x00000000f6d00000,0x00000000f6d00000,0x00000000f9580000)
 ParOldGen       total 154112K, used 76521K [0x0000000085000000, 0x000000008e680000, 0x00000000d7000000)
  object space 154112K, 49% used [0x0000000085000000,0x0000000089aba5f0,0x000000008e680000)
 Metaspace       used 31556K, capacity 32640K, committed 32896K, reserved 1079296K
  class space    used 3386K, capacity 3671K, committed 3712K, reserved 1048576K
Event: 25,788 GC heap after
Heap after GC invocations=18 (full 2):
 PSYoungGen      total 510976K, used 41448K [0x00000000d7000000, 0x00000000fab00000, 0x0000000100000000)
  eden space 469504K, 0% used [0x00000000d7000000,0x00000000d7000000,0x00000000f3a80000)
  from space 41472K, 99% used [0x00000000f6d00000,0x00000000f957a350,0x00000000f9580000)
  to   space 51712K, 0% used [0x00000000f3a80000,0x00000000f3a80000,0x00000000f6d00000)
 ParOldGen       total 154112K, used 86423K [0x0000000085000000, 0x000000008e680000, 0x00000000d7000000)
  object space 154112K, 56% used [0x0000000085000000,0x000000008a465fb0,0x000000008e680000)
 Metaspace       used 31556K, capacity 32640K, committed 32896K, reserved 1079296K
  class space    used 3386K, capacity 3671K, committed 3712K, reserved 1048576K
}
Event: 30,187 GC heap before
{Heap before GC invocations=19 (full 2):
 PSYoungGen      total 510976K, used 510952K [0x00000000d7000000, 0x00000000fab00000, 0x0000000100000000)
  eden space 469504K, 100% used [0x00000000d7000000,0x00000000f3a80000,0x00000000f3a80000)
  from space 41472K, 99% used [0x00000000f6d00000,0x00000000f957a350,0x00000000f9580000)
  to   space 51712K, 0% used [0x00000000f3a80000,0x00000000f3a80000,0x00000000f6d00000)
 ParOldGen       total 154112K, used 86423K [0x0000000085000000, 0x000000008e680000, 0x00000000d7000000)
  object space 154112K, 56% used [0x0000000085000000,0x000000008a465fb0,0x000000008e680000)
 Metaspace       used 32184K, capacity 33276K, committed 33408K, reserved 1079296K
  class space    used 3413K, capacity 3681K, committed 3712K, reserved 1048576K

