# JRE version: Java(TM) SE Runtime Environment (8.0_45-b14) (build 1.8.0_45-b14)
# Java VM: Java HotSpot(TM) 64-Bit Server VM (25.45-b02 mixed mode linux-amd64 compressed oops)
Heap:
 PSYoungGen      total 195584K, used 0K [0x00000000eab00000, 0x0000000100000000, 0x0000000100000000)
  eden space 116736K, 0% used [0x00000000eab00000,0x00000000eab00000,0x00000000f1d00000)
  from space 78848K, 0% used [0x00000000fb300000,0x00000000fb300000,0x0000000100000000)
  to   space 116224K, 0% used [0x00000000f1d00000,0x00000000f1d00000,0x00000000f8e80000)
 ParOldGen       total 425984K, used 415760K [0x00000000c0000000, 0x00000000da000000, 0x00000000eab00000)
  object space 425984K, 97% used [0x00000000c0000000,0x00000000d9604280,0x00000000da000000)
 Metaspace       used 28269K, capacity 28638K, committed 28928K, reserved 1075200K
  class space    used 3967K, capacity 4076K, committed 4096K, reserved 1048576K
GC Heap History (10 events):
Event: 7,584 GC heap after
Heap after GC invocations=8 (full 1):
 PSYoungGen      total 158208K, used 0K [0x00000000eab00000, 0x00000000fe900000, 0x0000000100000000)
  eden space 117248K, 0% used [0x00000000eab00000,0x00000000eab00000,0x00000000f1d80000)
  from space 40960K, 0% used [0x00000000f1d80000,0x00000000f1d80000,0x00000000f4580000)
  to   space 45568K, 0% used [0x00000000fbc80000,0x00000000fbc80000,0x00000000fe900000)
 ParOldGen       total 131584K, used 71788K [0x00000000c0000000, 0x00000000c8080000, 0x00000000eab00000)
  object space 131584K, 54% used [0x00000000c0000000,0x00000000c461b1d0,0x00000000c8080000)
 Metaspace       used 21039K, capacity 21186K, committed 21248K, reserved 1067008K
  class space    used 2972K, capacity 3030K, committed 3072K, reserved 1048576K
}
Event: 8,733 GC heap before
{Heap before GC invocations=9 (full 1):
 PSYoungGen      total 158208K, used 117248K [0x00000000eab00000, 0x00000000fe900000, 0x0000000100000000)
  eden space 117248K, 100% used [0x00000000eab00000,0x00000000f1d80000,0x00000000f1d80000)
  from space 40960K, 0% used [0x00000000f1d80000,0x00000000f1d80000,0x00000000f4580000)
  to   space 45568K, 0% used [0x00000000fbc80000,0x00000000fbc80000,0x00000000fe900000)
 ParOldGen       total 131584K, used 71788K [0x00000000c0000000, 0x00000000c8080000, 0x00000000eab00000)
  object space 131584K, 54% used [0x00000000c0000000,0x00000000c461b1d0,0x00000000c8080000)
 Metaspace       used 28000K, capacity 28420K, committed 28672K, reserved 1073152K
  class space    used 3941K, capacity 4045K, committed 4096K, reserved 1048576K
Event: 8,751 GC heap after
Heap after GC invocations=9 (full 1):
 PSYoungGen      total 260608K, used 29455K [0x00000000eab00000, 0x00000000fe180000, 0x0000000100000000)
  eden space 222720K, 0% used [0x00000000eab00000,0x00000000eab00000,0x00000000f8480000)
  from space 37888K, 77% used [0x00000000fbc80000,0x00000000fd943ed8,0x00000000fe180000)
  to   space 47616K, 0% used [0x00000000f8480000,0x00000000f8480000,0x00000000fb300000)
 ParOldGen       total 131584K, used 71796K [0x00000000c0000000, 0x00000000c8080000, 0x00000000eab00000)
  object space 131584K, 54% used [0x00000000c0000000,0x00000000c461d1d0,0x00000000c8080000)
 Metaspace       used 28000K, capacity 28420K, committed 28672K, reserved 1073152K
  class space    used 3941K, capacity 4045K, committed 4096K, reserved 1048576K
}
Event: 8,870 GC heap before
{Heap before GC invocations=10 (full 1):
 PSYoungGen      total 260608K, used 252152K [0x00000000eab00000, 0x00000000fe180000, 0x0000000100000000)
  eden space 222720K, 99% used [0x00000000eab00000,0x00000000f847a230,0x00000000f8480000)
  from space 37888K, 77% used [0x00000000fbc80000,0x00000000fd943ed8,0x00000000fe180000)
  to   space 47616K, 0% used [0x00000000f8480000,0x00000000f8480000,0x00000000fb300000)
 ParOldGen       total 131584K, used 71796K [0x00000000c0000000, 0x00000000c8080000, 0x00000000eab00000)
  object space 131584K, 54% used [0x00000000c0000000,0x00000000c461d1d0,0x00000000c8080000)
 Metaspace       used 28199K, capacity 28622K, committed 28672K, reserved 1073152K
  class space    used 3962K, capacity 4084K, committed 4096K, reserved 1048576K
Event: 8,990 GC heap after
Heap after GC invocations=10 (full 1):
 PSYoungGen      total 270336K, used 47610K [0x00000000eab00000, 0x0000000100000000, 0x0000000100000000)
  eden space 222720K, 0% used [0x00000000eab00000,0x00000000eab00000,0x00000000f8480000)
  from space 47616K, 99% used [0x00000000f8480000,0x00000000fb2feaa8,0x00000000fb300000)
  to   space 78848K, 0% used [0x00000000fb300000,0x00000000fb300000,0x0000000100000000)
 ParOldGen       total 254976K, used 254271K [0x00000000c0000000, 0x00000000cf900000, 0x00000000eab00000)
  object space 254976K, 99% used [0x00000000c0000000,0x00000000cf84ff48,0x00000000cf900000)
 Metaspace       used 28199K, capacity 28622K, committed 28672K, reserved 1073152K
  class space    used 3962K, capacity 4084K, committed 4096K, reserved 1048576K
}
Event: 8,990 GC heap before
{Heap before GC invocations=11 (full 2):
 PSYoungGen      total 270336K, used 47610K [0x00000000eab00000, 0x0000000100000000, 0x0000000100000000)
  eden space 222720K, 0% used [0x00000000eab00000,0x00000000eab00000,0x00000000f8480000)
  from space 47616K, 99% used [0x00000000f8480000,0x00000000fb2feaa8,0x00000000fb300000)
  to   space 78848K, 0% used [0x00000000fb300000,0x00000000fb300000,0x0000000100000000)
 ParOldGen       total 254976K, used 254271K [0x00000000c0000000, 0x00000000cf900000, 0x00000000eab00000)
  object space 254976K, 99% used [0x00000000c0000000,0x00000000cf84ff48,0x00000000cf900000)
 Metaspace       used 28199K, capacity 28622K, committed 28672K, reserved 1073152K
  class space    used 3962K, capacity 4084K, committed 4096K, reserved 1048576K
Event: 9,143 GC heap after
Heap after GC invocations=11 (full 2):
 PSYoungGen      total 270336K, used 44532K [0x00000000eab00000, 0x0000000100000000, 0x0000000100000000)
  eden space 222720K, 0% used [0x00000000eab00000,0x00000000eab00000,0x00000000f8480000)
  from space 47616K, 93% used [0x00000000f8480000,0x00000000faffd020,0x00000000fb300000)
  to   space 78848K, 0% used [0x00000000fb300000,0x00000000fb300000,0x0000000100000000)
 ParOldGen       total 392192K, used 254925K [0x00000000c0000000, 0x00000000d7f00000, 0x00000000eab00000)
  object space 392192K, 65% used [0x00000000c0000000,0x00000000cf8f3760,0x00000000d7f00000)
 Metaspace       used 28161K, capacity 28556K, committed 28672K, reserved 1073152K
  class space    used 3956K, capacity 4073K, committed 4096K, reserved 1048576K
}
Event: 9,264 GC heap before
{Heap before GC invocations=12 (full 2):
 PSYoungGen      total 270336K, used 267252K [0x00000000eab00000, 0x0000000100000000, 0x0000000100000000)
  eden space 222720K, 100% used [0x00000000eab00000,0x00000000f8480000,0x00000000f8480000)
  from space 47616K, 93% used [0x00000000f8480000,0x00000000faffd020,0x00000000fb300000)
  to   space 78848K, 0% used [0x00000000fb300000,0x00000000fb300000,0x0000000100000000)
 ParOldGen       total 392192K, used 254925K [0x00000000c0000000, 0x00000000d7f00000, 0x00000000eab00000)
  object space 392192K, 65% used [0x00000000c0000000,0x00000000cf8f3760,0x00000000d7f00000)
 Metaspace       used 28292K, capacity 28674K, committed 28928K, reserved 1075200K
  class space    used 3970K, capacity 4082K, committed 4096K, reserved 1048576K
Event: 9,353 GC heap after
Heap after GC invocations=12 (full 2):
 PSYoungGen      total 195584K, used 78822K [0x00000000eab00000, 0x0000000100000000, 0x0000000100000000)
  eden space 116736K, 0% used [0x00000000eab00000,0x00000000eab00000,0x00000000f1d00000)
  from space 78848K, 99% used [0x00000000fb300000,0x00000000ffff9860,0x0000000100000000)
  to   space 116224K, 0% used [0x00000000f1d00000,0x00000000f1d00000,0x00000000f8e80000)
 ParOldGen       total 425984K, used 425163K [0x00000000c0000000, 0x00000000da000000, 0x00000000eab00000)
  object space 425984K, 99% used [0x00000000c0000000,0x00000000d9f32fd8,0x00000000da000000)
 Metaspace       used 28292K, capacity 28674K, committed 28928K, reserved 1075200K
  class space    used 3970K, capacity 4082K, committed 4096K, reserved 1048576K
}
Event: 9,353 GC heap before
{Heap before GC invocations=13 (full 3):
 PSYoungGen      total 195584K, used 78822K [0x00000000eab00000, 0x0000000100000000, 0x0000000100000000)
  eden space 116736K, 0% used [0x00000000eab00000,0x00000000eab00000,0x00000000f1d00000)
  from space 78848K, 99% used [0x00000000fb300000,0x00000000ffff9860,0x0000000100000000)
  to   space 116224K, 0% used [0x00000000f1d00000,0x00000000f1d00000,0x00000000f8e80000)
 ParOldGen       total 425984K, used 425163K [0x00000000c0000000, 0x00000000da000000, 0x00000000eab00000)
  object space 425984K, 99% used [0x00000000c0000000,0x00000000d9f32fd8,0x00000000da000000)
 Metaspace       used 28292K, capacity 28674K, committed 28928K, reserved 1075200K
  class space    used 3970K, capacity 4082K, committed 4096K, reserved 1048576K

